<?xml version="1.0" encoding="UTF-8"?>
<!-- Generated by org.testng.reporters.JUnitXMLReporter -->
<testsuite ignored="0" hostname="LAPTOP-42VQGDGQ" failures="0" tests="3" name="Default test" time="67.424" errors="0" timestamp="2024-08-04T10:37:29 IST">
  <testcase classname="Jules.ai.Jules.ai.LoginFunctionality" name="Login_With_Valid_Credentials" time="4.33"/>
  <testcase classname="Jules.ai.Jules.ai.LoginFunctionality" name="Login_WithOut_Password" time="1.012"/>
  <testcase classname="Jules.ai.Jules.ai.LoginFunctionality" name="Login_With_Invalid_Email_Format" time="1.019"/>
</testsuite> <!-- Default test -->
