<?xml version="1.0" encoding="UTF-8"?>
<!-- Generated by org.testng.reporters.JUnitXMLReporter -->
<testsuite ignored="0" hostname="LAPTOP-42VQGDGQ" failures="0" tests="3" name="Default test" time="122.365" errors="0" timestamp="2024-08-03T14:11:22 IST">
  <testcase classname="Jules.ai.Jules.ai.LoginFunctionality" name="LoginWithValidCredentials" time="8.54"/>
  <testcase classname="Jules.ai.Jules.ai.LoginFunctionality" name="LoginWithOutPassword" time="3.137"/>
  <testcase classname="Jules.ai.Jules.ai.LoginFunctionality" name="Login_With_Invalid_Email_Format" time="7.428"/>
</testsuite> <!-- Default test -->
