<?xml version="1.0" encoding="UTF-8"?>
<testng-results ignored="0" total="3" passed="3" failed="0" skipped="0">
  <reporter-output>
  </reporter-output>
  <suite started-at="2024-08-04T10:36:22 IST" name="Default suite" finished-at="2024-08-04T10:37:29 IST" duration-ms="67424">
    <groups>
    </groups>
    <test started-at="2024-08-04T10:36:22 IST" name="Default test" finished-at="2024-08-04T10:37:29 IST" duration-ms="67424">
      <class name="Jules.ai.Jules.ai.LoginFunctionality">
        <test-method is-config="true" signature="openBrowser()[pri:0, instance:Jules.ai.Jules.ai.LoginFunctionality@34e9fd99]" started-at="2024-08-04T10:36:22 IST" name="openBrowser" finished-at="2024-08-04T10:36:41 IST" duration-ms="18636" status="PASS">
          <reporter-output>
          </reporter-output>
        </test-method> <!-- openBrowser -->
        <test-method signature="Login_With_Valid_Credentials()[pri:1, instance:Jules.ai.Jules.ai.LoginFunctionality@34e9fd99]" started-at="2024-08-04T10:36:41 IST" name="Login_With_Valid_Credentials" finished-at="2024-08-04T10:36:45 IST" duration-ms="4330" status="PASS">
          <reporter-output>
          </reporter-output>
        </test-method> <!-- Login_With_Valid_Credentials -->
        <test-method is-config="true" signature="closeBrowser()[pri:0, instance:Jules.ai.Jules.ai.LoginFunctionality@34e9fd99]" started-at="2024-08-04T10:36:45 IST" name="closeBrowser" finished-at="2024-08-04T10:36:49 IST" duration-ms="4460" status="PASS">
          <reporter-output>
          </reporter-output>
        </test-method> <!-- closeBrowser -->
        <test-method is-config="true" signature="openBrowser()[pri:0, instance:Jules.ai.Jules.ai.LoginFunctionality@34e9fd99]" started-at="2024-08-04T10:36:49 IST" name="openBrowser" finished-at="2024-08-04T10:37:04 IST" duration-ms="14817" status="PASS">
          <reporter-output>
          </reporter-output>
        </test-method> <!-- openBrowser -->
        <test-method signature="Login_WithOut_Password()[pri:2, instance:Jules.ai.Jules.ai.LoginFunctionality@34e9fd99]" started-at="2024-08-04T10:37:04 IST" name="Login_WithOut_Password" finished-at="2024-08-04T10:37:05 IST" duration-ms="1012" status="PASS">
          <reporter-output>
          </reporter-output>
        </test-method> <!-- Login_WithOut_Password -->
        <test-method is-config="true" signature="closeBrowser()[pri:0, instance:Jules.ai.Jules.ai.LoginFunctionality@34e9fd99]" started-at="2024-08-04T10:37:05 IST" name="closeBrowser" finished-at="2024-08-04T10:37:08 IST" duration-ms="3189" status="PASS">
          <reporter-output>
          </reporter-output>
        </test-method> <!-- closeBrowser -->
        <test-method is-config="true" signature="openBrowser()[pri:0, instance:Jules.ai.Jules.ai.LoginFunctionality@34e9fd99]" started-at="2024-08-04T10:37:08 IST" name="openBrowser" finished-at="2024-08-04T10:37:25 IST" duration-ms="16651" status="PASS">
          <reporter-output>
          </reporter-output>
        </test-method> <!-- openBrowser -->
        <test-method signature="Login_With_Invalid_Email_Format()[pri:3, instance:Jules.ai.Jules.ai.LoginFunctionality@34e9fd99]" started-at="2024-08-04T10:37:25 IST" name="Login_With_Invalid_Email_Format" finished-at="2024-08-04T10:37:26 IST" duration-ms="1019" status="PASS">
          <reporter-output>
          </reporter-output>
        </test-method> <!-- Login_With_Invalid_Email_Format -->
        <test-method is-config="true" signature="closeBrowser()[pri:0, instance:Jules.ai.Jules.ai.LoginFunctionality@34e9fd99]" started-at="2024-08-04T10:37:26 IST" name="closeBrowser" finished-at="2024-08-04T10:37:29 IST" duration-ms="3210" status="PASS">
          <reporter-output>
          </reporter-output>
        </test-method> <!-- closeBrowser -->
      </class> <!-- Jules.ai.Jules.ai.LoginFunctionality -->
    </test> <!-- Default test -->
  </suite> <!-- Default suite -->
</testng-results>
