<?xml version="1.0" encoding="UTF-8"?>
<testng-results ignored="0" total="3" passed="3" failed="0" skipped="0">
  <reporter-output>
  </reporter-output>
  <suite started-at="2024-08-03T14:09:19 IST" name="Default suite" finished-at="2024-08-03T14:11:21 IST" duration-ms="122365">
    <groups>
    </groups>
    <test started-at="2024-08-03T14:09:19 IST" name="Default test" finished-at="2024-08-03T14:11:21 IST" duration-ms="122365">
      <class name="Jules.ai.Jules.ai.LoginFunctionality">
        <test-method is-config="true" signature="openBrowser()[pri:0, instance:Jules.ai.Jules.ai.LoginFunctionality@34e9fd99]" started-at="2024-08-03T14:09:19 IST" name="openBrowser" finished-at="2024-08-03T14:10:05 IST" duration-ms="45456" status="PASS">
          <reporter-output>
          </reporter-output>
        </test-method> <!-- openBrowser -->
        <test-method signature="LoginWithValidCredentials()[pri:1, instance:Jules.ai.Jules.ai.LoginFunctionality@34e9fd99]" started-at="2024-08-03T14:10:05 IST" name="LoginWithValidCredentials" finished-at="2024-08-03T14:10:13 IST" duration-ms="8540" status="PASS">
          <reporter-output>
          </reporter-output>
        </test-method> <!-- LoginWithValidCredentials -->
        <test-method is-config="true" signature="closeBrowser()[pri:0, instance:Jules.ai.Jules.ai.LoginFunctionality@34e9fd99]" started-at="2024-08-03T14:10:13 IST" name="closeBrowser" finished-at="2024-08-03T14:10:20 IST" duration-ms="7195" status="PASS">
          <reporter-output>
          </reporter-output>
        </test-method> <!-- closeBrowser -->
        <test-method is-config="true" signature="openBrowser()[pri:0, instance:Jules.ai.Jules.ai.LoginFunctionality@34e9fd99]" started-at="2024-08-03T14:10:20 IST" name="openBrowser" finished-at="2024-08-03T14:10:41 IST" duration-ms="20207" status="PASS">
          <reporter-output>
          </reporter-output>
        </test-method> <!-- openBrowser -->
        <test-method signature="LoginWithOutPassword()[pri:2, instance:Jules.ai.Jules.ai.LoginFunctionality@34e9fd99]" started-at="2024-08-03T14:10:41 IST" name="LoginWithOutPassword" finished-at="2024-08-03T14:10:44 IST" duration-ms="3137" status="PASS">
          <reporter-output>
          </reporter-output>
        </test-method> <!-- LoginWithOutPassword -->
        <test-method is-config="true" signature="closeBrowser()[pri:0, instance:Jules.ai.Jules.ai.LoginFunctionality@34e9fd99]" started-at="2024-08-03T14:10:44 IST" name="closeBrowser" finished-at="2024-08-03T14:10:49 IST" duration-ms="5381" status="PASS">
          <reporter-output>
          </reporter-output>
        </test-method> <!-- closeBrowser -->
        <test-method is-config="true" signature="openBrowser()[pri:0, instance:Jules.ai.Jules.ai.LoginFunctionality@34e9fd99]" started-at="2024-08-03T14:10:49 IST" name="openBrowser" finished-at="2024-08-03T14:11:10 IST" duration-ms="20383" status="PASS">
          <reporter-output>
          </reporter-output>
        </test-method> <!-- openBrowser -->
        <test-method signature="Login_With_Invalid_Email_Format()[pri:3, instance:Jules.ai.Jules.ai.LoginFunctionality@34e9fd99]" started-at="2024-08-03T14:11:10 IST" name="Login_With_Invalid_Email_Format" finished-at="2024-08-03T14:11:17 IST" duration-ms="7428" status="PASS">
          <reporter-output>
          </reporter-output>
        </test-method> <!-- Login_With_Invalid_Email_Format -->
        <test-method is-config="true" signature="closeBrowser()[pri:0, instance:Jules.ai.Jules.ai.LoginFunctionality@34e9fd99]" started-at="2024-08-03T14:11:17 IST" name="closeBrowser" finished-at="2024-08-03T14:11:21 IST" duration-ms="4481" status="PASS">
          <reporter-output>
          </reporter-output>
        </test-method> <!-- closeBrowser -->
      </class> <!-- Jules.ai.Jules.ai.LoginFunctionality -->
    </test> <!-- Default test -->
  </suite> <!-- Default suite -->
</testng-results>
